  hzpch.cpp
D:\gameEngine\MyHazel\MyHazel\src\Hazel\Debug\Instrumentor.h(114,1): warning C4267: “初始化”: 从“size_t”转换到“uint32_t”，可能丢失数据
  Application.cpp
  Layer.cpp
  LayerStack.cpp
  Log.cpp
  Window.cpp
  ImGuiBuild.cpp
  ImGuiLayer.cpp
  Buffer.cpp
  Framebuffer.cpp
  GraphicsContex.cpp
  OrthographicsCamera.cpp
  OrthographicsCameraController.cpp
  RenderCommand.cpp
  Renderer.cpp
  Renderer2D.cpp
  RendererAPI.cpp
D:\gameEngine\MyHazel\MyHazel\vendor\imgui\imgui.h(74,1): warning C4005: “IMGUI_VERSION”: 宏重定义 (编译源文件 ..\src\Hazel\ImGui\ImGuiBuild.cpp)
D:\gameEngine\MyHazel\MyHazel\vendor\imgui\imgui.h(25): message : 参见“IMGUI_VERSION”的前一个定义 (编译源文件 ..\src\Hazel\ImGui\ImGuiBuild.cpp)
D:\gameEngine\MyHazel\MyHazel\vendor\imgui\imgui.h(75,1): warning C4005: “IMGUI_VERSION_NUM”: 宏重定义 (编译源文件 ..\src\Hazel\ImGui\ImGuiBuild.cpp)
D:\gameEngine\MyHazel\MyHazel\vendor\imgui\imgui.h(26): message : 参见“IMGUI_VERSION_NUM”的前一个定义 (编译源文件 ..\src\Hazel\ImGui\ImGuiBuild.cpp)
D:\gameEngine\MyHazel\MyHazel\vendor\imgui\imgui.h(74,1): warning C4005: “IMGUI_VERSION”: 宏重定义 (编译源文件 ..\src\Hazel\ImGui\ImGuiLayer.cpp)
D:\gameEngine\MyHazel\MyHazel\vendor\imgui\imgui.h(25): message : 参见“IMGUI_VERSION”的前一个定义 (编译源文件 ..\src\Hazel\ImGui\ImGuiLayer.cpp)
D:\gameEngine\MyHazel\MyHazel\vendor\imgui\imgui.h(75,1): warning C4005: “IMGUI_VERSION_NUM”: 宏重定义 (编译源文件 ..\src\Hazel\ImGui\ImGuiLayer.cpp)
D:\gameEngine\MyHazel\MyHazel\vendor\imgui\imgui.h(26): message : 参见“IMGUI_VERSION_NUM”的前一个定义 (编译源文件 ..\src\Hazel\ImGui\ImGuiLayer.cpp)
  Shader.cpp
  Texture.cpp
  VertexArray.cpp
  Entity.cpp
  Scene.cpp
D:\gameEngine\MyHazel\MyHazel\src\Hazel\Render\OrthographicsCameraController.cpp(57,37): warning C4244: “参数”: 从“unsigned int”转换到“float”，可能丢失数据
D:\gameEngine\MyHazel\MyHazel\src\Hazel\Render\OrthographicsCameraController.cpp(57,22): warning C4244: “参数”: 从“unsigned int”转换到“float”，可能丢失数据
  SceneCamera.cpp
  OpenGLBuffer.cpp
D:\gameEngine\MyHazel\MyHazel\src\Hazel\Render\Renderer2D.cpp(116,21): warning C4244: “初始化”: 从“__int64”转换到“uint32_t”，可能丢失数据
  OpenGLContex.cpp
  OpenGLFramebuffer.cpp
  OpenGLRendererAPI.cpp
  OpenGLShader.cpp
  OpenGLTexture.cpp
  OpenGLVertexArray.cpp
  WindowsInput.cpp
D:\gameEngine\MyHazel\MyHazel\src\Hazel\Core\Application.cpp(85): warning C4715: “Hazel::Application::OnWindowResize”: 不是所有的控件路径都返回值
  WindowsWindow.cpp
  stb_image.cpp
D:\gameEngine\MyHazel\MyHazel\src\Platform\OpenGL\OpenGLVertexArray.cpp(87,34): warning C4312: “类型强制转换”: 从“const uint32_t”转换到更大的“const void *”
D:\gameEngine\MyHazel\MyHazel\src\Hazel\Scene\SceneCamera.cpp(23,19): warning C4244: “初始化”: 从“double”转换到“float”，可能丢失数据
D:\gameEngine\MyHazel\MyHazel\src\Hazel\Scene\SceneCamera.cpp(24,20): warning C4244: “初始化”: 从“double”转换到“float”，可能丢失数据
D:\gameEngine\MyHazel\MyHazel\src\Hazel\Scene\SceneCamera.cpp(25,21): warning C4244: “初始化”: 从“double”转换到“float”，可能丢失数据
D:\gameEngine\MyHazel\MyHazel\src\Hazel\Scene\SceneCamera.cpp(26,18): warning C4244: “初始化”: 从“double”转换到“float”，可能丢失数据
D:\gameEngine\MyHazel\MyHazel\src\Platform\OpenGL\OpenGLShader.cpp(13,35): warning C4267: “初始化”: 从“size_t”转换到“int”，可能丢失数据
  MyHazel.vcxproj -> D:\gameEngine\MyHazel\bin\Debug-windows-x86_64\MyHazel\MyHazel.lib
