  EditorLayer.cpp
  HazelEditorApp.cpp
  SceneHierarchyPanel.cpp
D:\gameEngine\MyHazel\MyHazel\src\Hazel\Debug\Instrumentor.h(114,1): warning C4267: “初始化”: 从“size_t”转换到“uint32_t”，可能丢失数据 (编译源文件 src\EditorLayer.cpp)
D:\gameEngine\MyHazel\MyHazel\src\Hazel\Debug\Instrumentor.h(114,1): warning C4267: “初始化”: 从“size_t”转换到“uint32_t”，可能丢失数据 (编译源文件 src\HazelEditorApp.cpp)
D:\gameEngine\MyHazel\MyHazel\vendor\imgui\imgui.h(74,1): warning C4005: “IMGUI_VERSION”: 宏重定义 (编译源文件 src\EditorLayer.cpp)
D:\gameEngine\MyHazel\MyHazel\vendor\imgui\imgui.h(25): message : 参见“IMGUI_VERSION”的前一个定义 (编译源文件 src\EditorLayer.cpp)
D:\gameEngine\MyHazel\MyHazel\vendor\imgui\imgui.h(75,1): warning C4005: “IMGUI_VERSION_NUM”: 宏重定义 (编译源文件 src\EditorLayer.cpp)
D:\gameEngine\MyHazel\MyHazel\vendor\imgui\imgui.h(26): message : 参见“IMGUI_VERSION_NUM”的前一个定义 (编译源文件 src\EditorLayer.cpp)
D:\gameEngine\MyHazel\MyHazel\vendor\imgui\imgui.h(74,1): warning C4005: “IMGUI_VERSION”: 宏重定义 (编译源文件 src\Panels\SceneHierarchyPanel.cpp)
D:\gameEngine\MyHazel\MyHazel\vendor\imgui\imgui.h(25): message : 参见“IMGUI_VERSION”的前一个定义 (编译源文件 src\Panels\SceneHierarchyPanel.cpp)
D:\gameEngine\MyHazel\MyHazel\vendor\imgui\imgui.h(75,1): warning C4005: “IMGUI_VERSION_NUM”: 宏重定义 (编译源文件 src\Panels\SceneHierarchyPanel.cpp)
D:\gameEngine\MyHazel\MyHazel\vendor\imgui\imgui.h(26): message : 参见“IMGUI_VERSION_NUM”的前一个定义 (编译源文件 src\Panels\SceneHierarchyPanel.cpp)
LIBCMTD.lib(initializers.obj) : warning LNK4098: 默认库“msvcrtd.lib”与其他库的使用冲突；请使用 /NODEFAULTLIB:library
LINK : warning LNK4217: 符号“__stdio_common_vsscanf”(在“ libucrtd.lib(input.obj)”中定义)已由“Glad.lib(glad.obj)”(函数“_vsscanf_s_l”中)导入
LINK : warning LNK4217: 符号“free”(在“ libucrtd.lib(free.obj)”中定义)已由“Glad.lib(glad.obj)”(函数“free_exts”中)导入
LINK : warning LNK4217: 符号“malloc”(在“ libucrtd.lib(malloc.obj)”中定义)已由“Glad.lib(glad.obj)”(函数“get_exts”中)导入
LINK : warning LNK4217: 符号“realloc”(在“ libucrtd.lib(realloc.obj)”中定义)已由“Glad.lib(glad.obj)”(函数“get_exts”中)导入
LINK : warning LNK4217: 符号“strncmp”(在“ libucrtd.lib(strncmp.obj)”中定义)已由“Glad.lib(glad.obj)”(函数“find_coreGL”中)导入
  Hazelnut.vcxproj -> D:\gameEngine\MyHazel\bin\Debug-windows-x86_64\Hazelnut\Hazelnut.exe
