  hzpch.cpp
  Application.cpp
  ImGuiBuild.cpp
D:\gameEngine\MyHazel\MyHazel\vendor\imgui\imgui.h(74,1): warning C4005: “IMGUI_VERSION”: 宏重定义
D:\gameEngine\MyHazel\MyHazel\vendor\imgui\imgui.h(25): message : 参见“IMGUI_VERSION”的前一个定义
D:\gameEngine\MyHazel\MyHazel\vendor\imgui\imgui.h(75,1): warning C4005: “IMGUI_VERSION_NUM”: 宏重定义
D:\gameEngine\MyHazel\MyHazel\vendor\imgui\imgui.h(26): message : 参见“IMGUI_VERSION_NUM”的前一个定义
  ImGuiLayer.cpp
D:\gameEngine\MyHazel\MyHazel\vendor\imgui\imgui.h(74,1): warning C4005: “IMGUI_VERSION”: 宏重定义
D:\gameEngine\MyHazel\MyHazel\vendor\imgui\imgui.h(25): message : 参见“IMGUI_VERSION”的前一个定义
D:\gameEngine\MyHazel\MyHazel\vendor\imgui\imgui.h(75,1): warning C4005: “IMGUI_VERSION_NUM”: 宏重定义
D:\gameEngine\MyHazel\MyHazel\vendor\imgui\imgui.h(26): message : 参见“IMGUI_VERSION_NUM”的前一个定义
  Layer.cpp
  LayerStack.cpp
  Log.cpp
  Buffer.cpp
  OrthographicsCamera.cpp
  RenderCommand.cpp
  Renderer.cpp
  RendererAPI.cpp
  Shader.cpp
  Texture.cpp
  VertexArray.cpp
  OpenGLBuffer.cpp
  OpenGLContex.cpp
  OpenGLRendererAPI.cpp
  OpenGLShader.cpp
D:\gameEngine\MyHazel\MyHazel\src\Platform\OpenGL\OpenGLShader.cpp(13,35): warning C4267: “初始化”: 从“size_t”转换到“int”，可能丢失数据
  OpenGLTexture.cpp
  OpenGLVertexArray.cpp
D:\gameEngine\MyHazel\MyHazel\src\Platform\OpenGL\OpenGLVertexArray.cpp(76,5): warning C4312: “类型强制转换”: 从“const uint32_t”转换到更大的“const void *”
  正在生成代码...
  正在编译...
  WindowsInput.cpp
  WindowsWindow.cpp
  stb_image.cpp
  正在生成代码...
  MyHazel.vcxproj -> D:\gameEngine\MyHazel\bin\Debug-windows-x86_64\MyHazel\MyHazel.lib
